[2024-01-22T03:59:08.241881+00:00] log.DEBUG: Initialize Hybridauth\Provider\Google, config:  {"enabled":true,"keys":{"id":"your-google-client-id-here","secret":"your-google-client-secret-here"},"color":"danger","callback":"http://localhost/alfa-projectlearning.id/login/Google","debug_mode":false,"debug_file":""} []
[2024-01-22T03:59:08.249276+00:00] log.DEBUG: Initialize Hybridauth\Provider\Facebook, config:  {"enabled":true,"keys":{"id":"your-facebook-app-id-here","secret":"your-facebook-app-secret-here"},"color":"primary","callback":"http://localhost/alfa-projectlearning.id/login/Facebook","debug_mode":false,"debug_file":""} []
[2024-01-22T03:59:08.250781+00:00] log.DEBUG: Initialize PHPMaker2024\demo2024\AzureAD, config:  {"enabled":true,"adapter":"PHPMaker2024\\demo2024\\AzureAD","keys":{"id":"your-azure-app-id-here","secret":"your-azure-app-secret-here"},"color":"info","callback":"http://localhost/alfa-projectlearning.id/login/Azure","debug_mode":false,"debug_file":""} []
[2024-01-22T06:27:36.063187+00:00] log.DEBUG: Temp folder 'C:\xampp\htdocs\alfa-projectlearning.id\upload\temp__h6ei1hc1qvplrfq1jbqvf498kc\' created [] []
[2024-01-22T06:27:36.191721+00:00] log.DEBUG: File 'C:\xampp\htdocs\alfa-projectlearning.id\upload\temp__h6ei1hc1qvplrfq1jbqvf498kc\tmp71F6.tmp.png' deleted [] []
[2024-01-22T06:27:36.192426+00:00] log.DEBUG: File 'C:\xampp\htdocs\alfa-projectlearning.id\upload\temp__h6ei1hc1qvplrfq1jbqvf498kc\tmp7207.tmp.png' deleted [] []
[2024-01-22T06:27:36.193141+00:00] log.DEBUG: File 'C:\xampp\htdocs\alfa-projectlearning.id\upload\temp__h6ei1hc1qvplrfq1jbqvf498kc\tmp7208.tmp.png' deleted [] []
[2024-01-22T06:27:36.193806+00:00] log.DEBUG: File 'C:\xampp\htdocs\alfa-projectlearning.id\upload\temp__h6ei1hc1qvplrfq1jbqvf498kc\tmp7219.tmp.png' deleted [] []
[2024-01-22T06:27:36.194482+00:00] log.DEBUG: File 'C:\xampp\htdocs\alfa-projectlearning.id\upload\temp__h6ei1hc1qvplrfq1jbqvf498kc\tmp7229.tmp.png' deleted [] []
[2024-01-22T06:27:36.195258+00:00] log.DEBUG: File 'C:\xampp\htdocs\alfa-projectlearning.id\upload\temp__h6ei1hc1qvplrfq1jbqvf498kc\tmp722A.tmp.png' deleted [] []
[2024-01-22T06:27:36.196654+00:00] log.DEBUG: File 'C:\xampp\htdocs\alfa-projectlearning.id\upload\temp__h6ei1hc1qvplrfq1jbqvf498kc\tmp723B.tmp.png' deleted [] []
[2024-01-22T06:27:36.198032+00:00] log.DEBUG: File 'C:\xampp\htdocs\alfa-projectlearning.id\upload\temp__h6ei1hc1qvplrfq1jbqvf498kc\tmp723C.tmp.png' deleted [] []
[2024-01-22T06:27:36.199930+00:00] log.DEBUG: File 'C:\xampp\htdocs\alfa-projectlearning.id\upload\temp__h6ei1hc1qvplrfq1jbqvf498kc\tmp724D.tmp.png' deleted [] []
[2024-01-22T06:27:36.200888+00:00] log.DEBUG: File 'C:\xampp\htdocs\alfa-projectlearning.id\upload\temp__h6ei1hc1qvplrfq1jbqvf498kc\tmp725D.tmp.png' deleted [] []
[2024-01-22T06:27:36.202829+00:00] log.DEBUG: Folder 'C:\xampp\htdocs\alfa-projectlearning.id\upload\temp__h6ei1hc1qvplrfq1jbqvf498kc' deleted [] []
[2024-01-22T06:55:41.144981+00:00] log.DEBUG: database.connecting: Set "user" to "u736643050_alfa" [] []
[2024-01-22T06:55:41.146215+00:00] log.DEBUG: database.connecting: Set "password" to "P***********" [] []
[2024-01-22T06:55:41.146240+00:00] log.DEBUG: database.connecting: Set "dbname" to "u736643050_alfa" [] []
[2024-01-22T06:55:41.308836+00:00] log.DEBUG: database.connecting: Set "user" to "u736643050_alfa" [] []
[2024-01-22T06:55:41.309010+00:00] log.DEBUG: database.connecting: Set "password" to "P***********" [] []
[2024-01-22T06:55:41.309046+00:00] log.DEBUG: database.connecting: Set "dbname" to "u736643050_alfa" [] []
