C:\xampp\htdocs\alfa-projectlearning.id\.htaccess
C:\xampp\htdocs\alfa-projectlearning.id\api\.htaccess
C:\xampp\htdocs\alfa-projectlearning.id\api\index.php
C:\xampp\htdocs\alfa-projectlearning.id\composer.json
C:\xampp\htdocs\alfa-projectlearning.id\controllers\AlphabeticalListOfProductsController.php
C:\xampp\htdocs\alfa-projectlearning.id\controllers\ApiController.php
C:\xampp\htdocs\alfa-projectlearning.id\controllers\AudittrailController.php
C:\xampp\htdocs\alfa-projectlearning.id\controllers\Calendar1Controller.php
C:\xampp\htdocs\alfa-projectlearning.id\controllers\CalendarController.php
C:\xampp\htdocs\alfa-projectlearning.id\controllers\Cars2Controller.php
C:\xampp\htdocs\alfa-projectlearning.id\controllers\CarsController.php
C:\xampp\htdocs\alfa-projectlearning.id\controllers\CategoriesController.php
C:\xampp\htdocs\alfa-projectlearning.id\controllers\ControllerBase.php
C:\xampp\htdocs\alfa-projectlearning.id\controllers\CustomersController.php
C:\xampp\htdocs\alfa-projectlearning.id\controllers\Dashboard1Controller.php
C:\xampp\htdocs\alfa-projectlearning.id\controllers\EmployeesController.php
C:\xampp\htdocs\alfa-projectlearning.id\controllers\GanttController.php
C:\xampp\htdocs\alfa-projectlearning.id\controllers\HomeController.php
C:\xampp\htdocs\alfa-projectlearning.id\controllers\ModelsController.php
C:\xampp\htdocs\alfa-projectlearning.id\controllers\NewsController.php
C:\xampp\htdocs\alfa-projectlearning.id\controllers\OrderDetailsExtendedController.php
C:\xampp\htdocs\alfa-projectlearning.id\controllers\OrderdetailsController.php
C:\xampp\htdocs\alfa-projectlearning.id\controllers\Orders2Controller.php
C:\xampp\htdocs\alfa-projectlearning.id\controllers\OrdersByProduct2Controller.php
C:\xampp\htdocs\alfa-projectlearning.id\controllers\OrdersController.php
C:\xampp\htdocs\alfa-projectlearning.id\controllers\OthersController.php
C:\xampp\htdocs\alfa-projectlearning.id\controllers\ProductsByCategoryController.php
C:\xampp\htdocs\alfa-projectlearning.id\controllers\ProductsController.php
C:\xampp\htdocs\alfa-projectlearning.id\controllers\QuarterlyOrdersByProductController.php
C:\xampp\htdocs\alfa-projectlearning.id\controllers\SalesByCategoryFor2014Controller.php
C:\xampp\htdocs\alfa-projectlearning.id\controllers\SalesByCustomer2Controller.php
C:\xampp\htdocs\alfa-projectlearning.id\controllers\SalesByCustomerCompactController.php
C:\xampp\htdocs\alfa-projectlearning.id\controllers\SalesByCustomerController.php
C:\xampp\htdocs\alfa-projectlearning.id\controllers\SalesByOrderController.php
C:\xampp\htdocs\alfa-projectlearning.id\controllers\SalesByYearController.php
C:\xampp\htdocs\alfa-projectlearning.id\controllers\ShippersController.php
C:\xampp\htdocs\alfa-projectlearning.id\controllers\SuppliersController.php
C:\xampp\htdocs\alfa-projectlearning.id\controllers\TrademarksController.php
C:\xampp\htdocs\alfa-projectlearning.id\controllers\UserlevelpermissionsController.php
C:\xampp\htdocs\alfa-projectlearning.id\controllers\UserlevelsController.php
C:\xampp\htdocs\alfa-projectlearning.id\css\demo2024.scss
C:\xampp\htdocs\alfa-projectlearning.id\css\ewpdf.scss
C:\xampp\htdocs\alfa-projectlearning.id\css\query-builder.scss
C:\xampp\htdocs\alfa-projectlearning.id\css\tabulator_bootstrap5.scss
C:\xampp\htdocs\alfa-projectlearning.id\css\tempus-dominus.scss
C:\xampp\htdocs\alfa-projectlearning.id\index.php
C:\xampp\htdocs\alfa-projectlearning.id\js\eweditor.js
C:\xampp\htdocs\alfa-projectlearning.id\js\userevent.js
C:\xampp\htdocs\alfa-projectlearning.id\js\userfn.js
C:\xampp\htdocs\alfa-projectlearning.id\log\index.html
C:\xampp\htdocs\alfa-projectlearning.id\models\AlphabeticalListOfProducts.php
C:\xampp\htdocs\alfa-projectlearning.id\models\AlphabeticalListOfProductsSummary.php
C:\xampp\htdocs\alfa-projectlearning.id\models\Audittrail.php
C:\xampp\htdocs\alfa-projectlearning.id\models\AudittrailAdd.php
C:\xampp\htdocs\alfa-projectlearning.id\models\AudittrailDelete.php
C:\xampp\htdocs\alfa-projectlearning.id\models\AudittrailEdit.php
C:\xampp\htdocs\alfa-projectlearning.id\models\AudittrailList.php
C:\xampp\htdocs\alfa-projectlearning.id\models\AudittrailView.php
C:\xampp\htdocs\alfa-projectlearning.id\models\Barcode.php
C:\xampp\htdocs\alfa-projectlearning.id\models\Calendar.php
C:\xampp\htdocs\alfa-projectlearning.id\models\Calendar1.php
C:\xampp\htdocs\alfa-projectlearning.id\models\Calendar1Add.php
C:\xampp\htdocs\alfa-projectlearning.id\models\Calendar1Calendar.php
C:\xampp\htdocs\alfa-projectlearning.id\models\Calendar1Delete.php
C:\xampp\htdocs\alfa-projectlearning.id\models\Calendar1Edit.php
C:\xampp\htdocs\alfa-projectlearning.id\models\Calendar1View.php
C:\xampp\htdocs\alfa-projectlearning.id\models\CalendarAdd.php
C:\xampp\htdocs\alfa-projectlearning.id\models\CalendarDelete.php
C:\xampp\htdocs\alfa-projectlearning.id\models\CalendarEdit.php
C:\xampp\htdocs\alfa-projectlearning.id\models\CalendarList.php
C:\xampp\htdocs\alfa-projectlearning.id\models\CalendarView.php
C:\xampp\htdocs\alfa-projectlearning.id\models\Cars.php
C:\xampp\htdocs\alfa-projectlearning.id\models\Cars2.php
C:\xampp\htdocs\alfa-projectlearning.id\models\Cars2List.php
C:\xampp\htdocs\alfa-projectlearning.id\models\CarsAdd.php
C:\xampp\htdocs\alfa-projectlearning.id\models\CarsDelete.php
C:\xampp\htdocs\alfa-projectlearning.id\models\CarsEdit.php
C:\xampp\htdocs\alfa-projectlearning.id\models\CarsList.php
C:\xampp\htdocs\alfa-projectlearning.id\models\CarsSearch.php
C:\xampp\htdocs\alfa-projectlearning.id\models\CarsUpdate.php
C:\xampp\htdocs\alfa-projectlearning.id\models\CarsView.php
C:\xampp\htdocs\alfa-projectlearning.id\models\Categories.php
C:\xampp\htdocs\alfa-projectlearning.id\models\CategoriesDelete.php
C:\xampp\htdocs\alfa-projectlearning.id\models\CategoriesEdit.php
C:\xampp\htdocs\alfa-projectlearning.id\models\CategoriesList.php
C:\xampp\htdocs\alfa-projectlearning.id\models\CategoriesSearch.php
C:\xampp\htdocs\alfa-projectlearning.id\models\CategoriesView.php
C:\xampp\htdocs\alfa-projectlearning.id\models\ChangePassword.php
C:\xampp\htdocs\alfa-projectlearning.id\models\Customers.php
C:\xampp\htdocs\alfa-projectlearning.id\models\CustomersAdd.php
C:\xampp\htdocs\alfa-projectlearning.id\models\CustomersDelete.php
C:\xampp\htdocs\alfa-projectlearning.id\models\CustomersEdit.php
C:\xampp\htdocs\alfa-projectlearning.id\models\CustomersList.php
C:\xampp\htdocs\alfa-projectlearning.id\models\CustomersSearch.php
C:\xampp\htdocs\alfa-projectlearning.id\models\CustomersView.php
C:\xampp\htdocs\alfa-projectlearning.id\models\Dashboard1.php
C:\xampp\htdocs\alfa-projectlearning.id\models\Dji.php
C:\xampp\htdocs\alfa-projectlearning.id\models\EmployeeSalesByCountryFor2014.php
C:\xampp\htdocs\alfa-projectlearning.id\models\Employees.php
C:\xampp\htdocs\alfa-projectlearning.id\models\EmployeesAdd.php
C:\xampp\htdocs\alfa-projectlearning.id\models\EmployeesDelete.php
C:\xampp\htdocs\alfa-projectlearning.id\models\EmployeesEdit.php
C:\xampp\htdocs\alfa-projectlearning.id\models\EmployeesList.php
C:\xampp\htdocs\alfa-projectlearning.id\models\EmployeesSearch.php
C:\xampp\htdocs\alfa-projectlearning.id\models\EmployeesView.php
C:\xampp\htdocs\alfa-projectlearning.id\models\Favorites.php
C:\xampp\htdocs\alfa-projectlearning.id\models\Gantt.php
C:\xampp\htdocs\alfa-projectlearning.id\models\Gantt3.php
C:\xampp\htdocs\alfa-projectlearning.id\models\GanttSummary.php
C:\xampp\htdocs\alfa-projectlearning.id\models\Home.php
C:\xampp\htdocs\alfa-projectlearning.id\models\ListOfProducts.php
C:\xampp\htdocs\alfa-projectlearning.id\models\Locations.php
C:\xampp\htdocs\alfa-projectlearning.id\models\Locations2.php
C:\xampp\htdocs\alfa-projectlearning.id\models\Locations3.php
C:\xampp\htdocs\alfa-projectlearning.id\models\Login.php
C:\xampp\htdocs\alfa-projectlearning.id\models\Logout.php
C:\xampp\htdocs\alfa-projectlearning.id\models\Messages2.php
C:\xampp\htdocs\alfa-projectlearning.id\models\Models.php
C:\xampp\htdocs\alfa-projectlearning.id\models\ModelsAdd.php
C:\xampp\htdocs\alfa-projectlearning.id\models\ModelsAddopt.php
C:\xampp\htdocs\alfa-projectlearning.id\models\ModelsDelete.php
C:\xampp\htdocs\alfa-projectlearning.id\models\ModelsEdit.php
C:\xampp\htdocs\alfa-projectlearning.id\models\ModelsGrid.php
C:\xampp\htdocs\alfa-projectlearning.id\models\ModelsList.php
C:\xampp\htdocs\alfa-projectlearning.id\models\ModelsSearch.php
C:\xampp\htdocs\alfa-projectlearning.id\models\ModelsView.php
C:\xampp\htdocs\alfa-projectlearning.id\models\News.php
C:\xampp\htdocs\alfa-projectlearning.id\models\OrderDetailsExtended.php
C:\xampp\htdocs\alfa-projectlearning.id\models\OrderDetailsExtended2.php
C:\xampp\htdocs\alfa-projectlearning.id\models\OrderDetailsExtendedGrid.php
C:\xampp\htdocs\alfa-projectlearning.id\models\OrderDetailsExtendedList.php
C:\xampp\htdocs\alfa-projectlearning.id\models\Orderdetails.php
C:\xampp\htdocs\alfa-projectlearning.id\models\OrderdetailsAdd.php
C:\xampp\htdocs\alfa-projectlearning.id\models\OrderdetailsDelete.php
C:\xampp\htdocs\alfa-projectlearning.id\models\OrderdetailsEdit.php
C:\xampp\htdocs\alfa-projectlearning.id\models\OrderdetailsGrid.php
C:\xampp\htdocs\alfa-projectlearning.id\models\OrderdetailsList.php
C:\xampp\htdocs\alfa-projectlearning.id\models\OrderdetailsSearch.php
C:\xampp\htdocs\alfa-projectlearning.id\models\OrderdetailsView.php
C:\xampp\htdocs\alfa-projectlearning.id\models\Orders.php
C:\xampp\htdocs\alfa-projectlearning.id\models\Orders2.php
C:\xampp\htdocs\alfa-projectlearning.id\models\Orders2Add.php
C:\xampp\htdocs\alfa-projectlearning.id\models\Orders2Delete.php
C:\xampp\htdocs\alfa-projectlearning.id\models\Orders2Edit.php
C:\xampp\htdocs\alfa-projectlearning.id\models\Orders2List.php
C:\xampp\htdocs\alfa-projectlearning.id\models\Orders2Update.php
C:\xampp\htdocs\alfa-projectlearning.id\models\Orders2View.php
C:\xampp\htdocs\alfa-projectlearning.id\models\OrdersAdd.php
C:\xampp\htdocs\alfa-projectlearning.id\models\OrdersByProduct.php
C:\xampp\htdocs\alfa-projectlearning.id\models\OrdersByProduct2.php
C:\xampp\htdocs\alfa-projectlearning.id\models\OrdersByProduct2Summary.php
C:\xampp\htdocs\alfa-projectlearning.id\models\OrdersDelete.php
C:\xampp\htdocs\alfa-projectlearning.id\models\OrdersEdit.php
C:\xampp\htdocs\alfa-projectlearning.id\models\OrdersGrid.php
C:\xampp\htdocs\alfa-projectlearning.id\models\OrdersList.php
C:\xampp\htdocs\alfa-projectlearning.id\models\OrdersSearch.php
C:\xampp\htdocs\alfa-projectlearning.id\models\OrdersView.php
C:\xampp\htdocs\alfa-projectlearning.id\models\PersonalData.php
C:\xampp\htdocs\alfa-projectlearning.id\models\Privacy.php
C:\xampp\htdocs\alfa-projectlearning.id\models\ProductSalesFor2014.php
C:\xampp\htdocs\alfa-projectlearning.id\models\Products.php
C:\xampp\htdocs\alfa-projectlearning.id\models\ProductsAdd.php
C:\xampp\htdocs\alfa-projectlearning.id\models\ProductsByCategory.php
C:\xampp\htdocs\alfa-projectlearning.id\models\ProductsByCategory2.php
C:\xampp\htdocs\alfa-projectlearning.id\models\ProductsByCategorySummary.php
C:\xampp\htdocs\alfa-projectlearning.id\models\ProductsDelete.php
C:\xampp\htdocs\alfa-projectlearning.id\models\ProductsEdit.php
C:\xampp\htdocs\alfa-projectlearning.id\models\ProductsGrid.php
C:\xampp\htdocs\alfa-projectlearning.id\models\ProductsList.php
C:\xampp\htdocs\alfa-projectlearning.id\models\ProductsSearch.php
C:\xampp\htdocs\alfa-projectlearning.id\models\ProductsView.php
C:\xampp\htdocs\alfa-projectlearning.id\models\QuarterlyOrdersByProduct.php
C:\xampp\htdocs\alfa-projectlearning.id\models\QuarterlyOrdersByProductCrosstab.php
C:\xampp\htdocs\alfa-projectlearning.id\models\Register.php
C:\xampp\htdocs\alfa-projectlearning.id\models\ResetPassword.php
C:\xampp\htdocs\alfa-projectlearning.id\models\SalesByCategoryFor2014.php
C:\xampp\htdocs\alfa-projectlearning.id\models\SalesByCategoryFor20142.php
C:\xampp\htdocs\alfa-projectlearning.id\models\SalesByCategoryFor2014Summary.php
C:\xampp\htdocs\alfa-projectlearning.id\models\SalesByCustomer.php
C:\xampp\htdocs\alfa-projectlearning.id\models\SalesByCustomer2.php
C:\xampp\htdocs\alfa-projectlearning.id\models\SalesByCustomer2Summary.php
C:\xampp\htdocs\alfa-projectlearning.id\models\SalesByCustomerCompact.php
C:\xampp\htdocs\alfa-projectlearning.id\models\SalesByCustomerCompactSummary.php
C:\xampp\htdocs\alfa-projectlearning.id\models\SalesByCustomerSummary.php
C:\xampp\htdocs\alfa-projectlearning.id\models\SalesByOrder.php
C:\xampp\htdocs\alfa-projectlearning.id\models\SalesByOrderSummary.php
C:\xampp\htdocs\alfa-projectlearning.id\models\SalesByYear.php
C:\xampp\htdocs\alfa-projectlearning.id\models\SalesByYear2.php
C:\xampp\htdocs\alfa-projectlearning.id\models\SalesByYearSummary.php
C:\xampp\htdocs\alfa-projectlearning.id\models\Shippers.php
C:\xampp\htdocs\alfa-projectlearning.id\models\ShippersList.php
C:\xampp\htdocs\alfa-projectlearning.id\models\ShippersSearch.php
C:\xampp\htdocs\alfa-projectlearning.id\models\Suppliers.php
C:\xampp\htdocs\alfa-projectlearning.id\models\SuppliersAdd.php
C:\xampp\htdocs\alfa-projectlearning.id\models\SuppliersDelete.php
C:\xampp\htdocs\alfa-projectlearning.id\models\SuppliersEdit.php
C:\xampp\htdocs\alfa-projectlearning.id\models\SuppliersList.php
C:\xampp\htdocs\alfa-projectlearning.id\models\SuppliersSearch.php
C:\xampp\htdocs\alfa-projectlearning.id\models\SuppliersUpdate.php
C:\xampp\htdocs\alfa-projectlearning.id\models\SuppliersView.php
C:\xampp\htdocs\alfa-projectlearning.id\models\Tasks.php
C:\xampp\htdocs\alfa-projectlearning.id\models\Trademarks.php
C:\xampp\htdocs\alfa-projectlearning.id\models\TrademarksAdd.php
C:\xampp\htdocs\alfa-projectlearning.id\models\TrademarksAddopt.php
C:\xampp\htdocs\alfa-projectlearning.id\models\TrademarksDelete.php
C:\xampp\htdocs\alfa-projectlearning.id\models\TrademarksEdit.php
C:\xampp\htdocs\alfa-projectlearning.id\models\TrademarksList.php
C:\xampp\htdocs\alfa-projectlearning.id\models\TrademarksSearch.php
C:\xampp\htdocs\alfa-projectlearning.id\models\TrademarksView.php
C:\xampp\htdocs\alfa-projectlearning.id\models\Userlevelpermissions.php
C:\xampp\htdocs\alfa-projectlearning.id\models\UserlevelpermissionsAdd.php
C:\xampp\htdocs\alfa-projectlearning.id\models\UserlevelpermissionsDelete.php
C:\xampp\htdocs\alfa-projectlearning.id\models\UserlevelpermissionsEdit.php
C:\xampp\htdocs\alfa-projectlearning.id\models\UserlevelpermissionsList.php
C:\xampp\htdocs\alfa-projectlearning.id\models\UserlevelpermissionsView.php
C:\xampp\htdocs\alfa-projectlearning.id\models\Userlevels.php
C:\xampp\htdocs\alfa-projectlearning.id\models\UserlevelsAdd.php
C:\xampp\htdocs\alfa-projectlearning.id\models\UserlevelsDelete.php
C:\xampp\htdocs\alfa-projectlearning.id\models\UserlevelsEdit.php
C:\xampp\htdocs\alfa-projectlearning.id\models\UserlevelsList.php
C:\xampp\htdocs\alfa-projectlearning.id\models\UserlevelsView.php
C:\xampp\htdocs\alfa-projectlearning.id\models\Userpriv.php
C:\xampp\htdocs\alfa-projectlearning.id\package.json
C:\xampp\htdocs\alfa-projectlearning.id\src\AbstractController.php
C:\xampp\htdocs\alfa-projectlearning.id\src\AbstractEntity.php
C:\xampp\htdocs\alfa-projectlearning.id\src\AbstractExport.php
C:\xampp\htdocs\alfa-projectlearning.id\src\AbstractExportBase.php
C:\xampp\htdocs\alfa-projectlearning.id\src\AbstractTwoFactorAuthentication.php
C:\xampp\htdocs\alfa-projectlearning.id\src\AdvancedFilter.php
C:\xampp\htdocs\alfa-projectlearning.id\src\AdvancedSearch.php
C:\xampp\htdocs\alfa-projectlearning.id\src\AdvancedSecurity.php
C:\xampp\htdocs\alfa-projectlearning.id\src\Allow.php
C:\xampp\htdocs\alfa-projectlearning.id\src\ApiActionEvent.php
C:\xampp\htdocs\alfa-projectlearning.id\src\ApiPermissionMiddleware.php
C:\xampp\htdocs\alfa-projectlearning.id\src\Attributes.php
C:\xampp\htdocs\alfa-projectlearning.id\src\Attributes\Delete.php
C:\xampp\htdocs\alfa-projectlearning.id\src\Attributes\Get.php
C:\xampp\htdocs\alfa-projectlearning.id\src\Attributes\Map.php
C:\xampp\htdocs\alfa-projectlearning.id\src\Attributes\Options.php
C:\xampp\htdocs\alfa-projectlearning.id\src\Attributes\Patch.php
C:\xampp\htdocs\alfa-projectlearning.id\src\Attributes\Post.php
C:\xampp\htdocs\alfa-projectlearning.id\src\Attributes\Put.php
C:\xampp\htdocs\alfa-projectlearning.id\src\AuditTrailHandler.php
C:\xampp\htdocs\alfa-projectlearning.id\src\AzureAD.php
C:\xampp\htdocs\alfa-projectlearning.id\src\BasicSearch.php
C:\xampp\htdocs\alfa-projectlearning.id\src\Breadcrumb.php
C:\xampp\htdocs\alfa-projectlearning.id\src\BytesType.php
C:\xampp\htdocs\alfa-projectlearning.id\src\CaptchaBase.php
C:\xampp\htdocs\alfa-projectlearning.id\src\CaptchaInterface.php
C:\xampp\htdocs\alfa-projectlearning.id\src\ChartExporter.php
C:\xampp\htdocs\alfa-projectlearning.id\src\ChartJsRenderer.php
C:\xampp\htdocs\alfa-projectlearning.id\src\ChartRendererInterface.php
C:\xampp\htdocs\alfa-projectlearning.id\src\ChartTypes.php
C:\xampp\htdocs\alfa-projectlearning.id\src\ConfigurationEvent.php
C:\xampp\htdocs\alfa-projectlearning.id\src\ContainerBuildEvent.php
C:\xampp\htdocs\alfa-projectlearning.id\src\CorsMiddleware.php
C:\xampp\htdocs\alfa-projectlearning.id\src\CrosstabColumn.php
C:\xampp\htdocs\alfa-projectlearning.id\src\CrosstabTable.php
C:\xampp\htdocs\alfa-projectlearning.id\src\CustomUploadHandler.php
C:\xampp\htdocs\alfa-projectlearning.id\src\DataType.php
C:\xampp\htdocs\alfa-projectlearning.id\src\DatabaseConnectedEvent.php
C:\xampp\htdocs\alfa-projectlearning.id\src\DatabaseConnectingEvent.php
C:\xampp\htdocs\alfa-projectlearning.id\src\DbChart.php
C:\xampp\htdocs\alfa-projectlearning.id\src\DbField.php
C:\xampp\htdocs\alfa-projectlearning.id\src\DbTable.php
C:\xampp\htdocs\alfa-projectlearning.id\src\DbTableBase.php
C:\xampp\htdocs\alfa-projectlearning.id\src\DebugSqlLogger.php
C:\xampp\htdocs\alfa-projectlearning.id\src\Email.php
C:\xampp\htdocs\alfa-projectlearning.id\src\EmailTwoFactorAuthentication.php
C:\xampp\htdocs\alfa-projectlearning.id\src\EntityDescriptor.php
C:\xampp\htdocs\alfa-projectlearning.id\src\Entity\Audittrail.php
C:\xampp\htdocs\alfa-projectlearning.id\src\Entity\Calendar.php
C:\xampp\htdocs\alfa-projectlearning.id\src\Entity\Car.php
C:\xampp\htdocs\alfa-projectlearning.id\src\Entity\Cars2.php
C:\xampp\htdocs\alfa-projectlearning.id\src\Entity\Category.php
C:\xampp\htdocs\alfa-projectlearning.id\src\Entity\Customer.php
C:\xampp\htdocs\alfa-projectlearning.id\src\Entity\Employee.php
C:\xampp\htdocs\alfa-projectlearning.id\src\Entity\Model.php
C:\xampp\htdocs\alfa-projectlearning.id\src\Entity\Order.php
C:\xampp\htdocs\alfa-projectlearning.id\src\Entity\OrderDetailsExtended.php
C:\xampp\htdocs\alfa-projectlearning.id\src\Entity\Orderdetail.php
C:\xampp\htdocs\alfa-projectlearning.id\src\Entity\Orders2.php
C:\xampp\htdocs\alfa-projectlearning.id\src\Entity\Product.php
C:\xampp\htdocs\alfa-projectlearning.id\src\Entity\Shipper.php
C:\xampp\htdocs\alfa-projectlearning.id\src\Entity\Supplier.php
C:\xampp\htdocs\alfa-projectlearning.id\src\Entity\Trademark.php
C:\xampp\htdocs\alfa-projectlearning.id\src\Entity\Userlevel.php
C:\xampp\htdocs\alfa-projectlearning.id\src\Entity\Userlevelpermission.php
C:\xampp\htdocs\alfa-projectlearning.id\src\ExportCsv.php
C:\xampp\htdocs\alfa-projectlearning.id\src\ExportEmail.php
C:\xampp\htdocs\alfa-projectlearning.id\src\ExportExcel.php
C:\xampp\htdocs\alfa-projectlearning.id\src\ExportHandler.php
C:\xampp\htdocs\alfa-projectlearning.id\src\ExportHtml.php
C:\xampp\htdocs\alfa-projectlearning.id\src\ExportJson.php
C:\xampp\htdocs\alfa-projectlearning.id\src\ExportPdf.php
C:\xampp\htdocs\alfa-projectlearning.id\src\ExportWord.php
C:\xampp\htdocs\alfa-projectlearning.id\src\ExportXml.php
C:\xampp\htdocs\alfa-projectlearning.id\src\FileUploadHandler.php
C:\xampp\htdocs\alfa-projectlearning.id\src\FileViewer.php
C:\xampp\htdocs\alfa-projectlearning.id\src\ForceLogoutUserAction.php
C:\xampp\htdocs\alfa-projectlearning.id\src\GeographyType.php
C:\xampp\htdocs\alfa-projectlearning.id\src\GeometryType.php
C:\xampp\htdocs\alfa-projectlearning.id\src\HierarchyIdType.php
C:\xampp\htdocs\alfa-projectlearning.id\src\HttpErrorHandler.php
C:\xampp\htdocs\alfa-projectlearning.id\src\HttpForm.php
C:\xampp\htdocs\alfa-projectlearning.id\src\HttpServiceUnavailableException.php
C:\xampp\htdocs\alfa-projectlearning.id\src\HttpSession.php
C:\xampp\htdocs\alfa-projectlearning.id\src\HttpUpload.php
C:\xampp\htdocs\alfa-projectlearning.id\src\JwtMiddleware.php
C:\xampp\htdocs\alfa-projectlearning.id\src\Language.php
C:\xampp\htdocs\alfa-projectlearning.id\src\LanguageLoadEvent.php
C:\xampp\htdocs\alfa-projectlearning.id\src\LaravelSessionMiddleware.php
C:\xampp\htdocs\alfa-projectlearning.id\src\LdapConn.php
C:\xampp\htdocs\alfa-projectlearning.id\src\ListAction.php
C:\xampp\htdocs\alfa-projectlearning.id\src\ListActions.php
C:\xampp\htdocs\alfa-projectlearning.id\src\ListOption.php
C:\xampp\htdocs\alfa-projectlearning.id\src\ListOptions.php
C:\xampp\htdocs\alfa-projectlearning.id\src\ListOptionsArray.php
C:\xampp\htdocs\alfa-projectlearning.id\src\LoginStatusEvent.php
C:\xampp\htdocs\alfa-projectlearning.id\src\Lookup.php
C:\xampp\htdocs\alfa-projectlearning.id\src\MaintenanceMiddleware.php
C:\xampp\htdocs\alfa-projectlearning.id\src\Menu.php
C:\xampp\htdocs\alfa-projectlearning.id\src\MenuItem.php
C:\xampp\htdocs\alfa-projectlearning.id\src\MenuItemAddingEvent.php
C:\xampp\htdocs\alfa-projectlearning.id\src\MenuRenderedEvent.php
C:\xampp\htdocs\alfa-projectlearning.id\src\MenuRenderingEvent.php
C:\xampp\htdocs\alfa-projectlearning.id\src\MessagesTrait.php
C:\xampp\htdocs\alfa-projectlearning.id\src\NumericPager.php
C:\xampp\htdocs\alfa-projectlearning.id\src\OptionValues.php
C:\xampp\htdocs\alfa-projectlearning.id\src\PageLoadingEvent.php
C:\xampp\htdocs\alfa-projectlearning.id\src\PageRenderingEvent.php
C:\xampp\htdocs\alfa-projectlearning.id\src\PageUnloadedEvent.php
C:\xampp\htdocs\alfa-projectlearning.id\src\Pager.php
C:\xampp\htdocs\alfa-projectlearning.id\src\PagerItem.php
C:\xampp\htdocs\alfa-projectlearning.id\src\PasswordHash.php
C:\xampp\htdocs\alfa-projectlearning.id\src\PermissionMiddleware.php
C:\xampp\htdocs\alfa-projectlearning.id\src\PhpBarcode.php
C:\xampp\htdocs\alfa-projectlearning.id\src\PhpEncryption.php
C:\xampp\htdocs\alfa-projectlearning.id\src\PragmaRxTwoFactorAuthentication.php
C:\xampp\htdocs\alfa-projectlearning.id\src\PrevNextPager.php
C:\xampp\htdocs\alfa-projectlearning.id\src\PushNotification.php
C:\xampp\htdocs\alfa-projectlearning.id\src\ReportField.php
C:\xampp\htdocs\alfa-projectlearning.id\src\ReportTable.php
C:\xampp\htdocs\alfa-projectlearning.id\src\ResendRegisterEmailAction.php
C:\xampp\htdocs\alfa-projectlearning.id\src\ResetConcurrentUserAction.php
C:\xampp\htdocs\alfa-projectlearning.id\src\ResetLoginRetryAction.php
C:\xampp\htdocs\alfa-projectlearning.id\src\ResetUserSecretAction.php
C:\xampp\htdocs\alfa-projectlearning.id\src\RouteActionEvent.php
C:\xampp\htdocs\alfa-projectlearning.id\src\RouteAttributes.php
C:\xampp\htdocs\alfa-projectlearning.id\src\RowSummary.php
C:\xampp\htdocs\alfa-projectlearning.id\src\RowTotal.php
C:\xampp\htdocs\alfa-projectlearning.id\src\RowType.php
C:\xampp\htdocs\alfa-projectlearning.id\src\Saml2.php
C:\xampp\htdocs\alfa-projectlearning.id\src\SessionHandler.php
C:\xampp\htdocs\alfa-projectlearning.id\src\SetPasswordExpiredAction.php
C:\xampp\htdocs\alfa-projectlearning.id\src\Sms.php
C:\xampp\htdocs\alfa-projectlearning.id\src\SmsTwoFactorAuthentication.php
C:\xampp\htdocs\alfa-projectlearning.id\src\SsoStateSessionStore.php
C:\xampp\htdocs\alfa-projectlearning.id\src\SubPage.php
C:\xampp\htdocs\alfa-projectlearning.id\src\SubPages.php
C:\xampp\htdocs\alfa-projectlearning.id\src\SummaryField.php
C:\xampp\htdocs\alfa-projectlearning.id\src\Timer.php
C:\xampp\htdocs\alfa-projectlearning.id\src\TwoFactorAuthenticationInterface.php
C:\xampp\htdocs\alfa-projectlearning.id\src\UploadHandler.php
C:\xampp\htdocs\alfa-projectlearning.id\src\UserProfile.php
C:\xampp\htdocs\alfa-projectlearning.id\src\XmlDocument.php
C:\xampp\htdocs\alfa-projectlearning.id\src\apiroutes.php
C:\xampp\htdocs\alfa-projectlearning.id\src\config.development.php
C:\xampp\htdocs\alfa-projectlearning.id\src\config.php
C:\xampp\htdocs\alfa-projectlearning.id\src\config.production.php
C:\xampp\htdocs\alfa-projectlearning.id\src\constants.php
C:\xampp\htdocs\alfa-projectlearning.id\src\definitions.php
C:\xampp\htdocs\alfa-projectlearning.id\src\phpfn.php
C:\xampp\htdocs\alfa-projectlearning.id\src\routes.php
C:\xampp\htdocs\alfa-projectlearning.id\src\userfn.php
C:\xampp\htdocs\alfa-projectlearning.id\src\userlevelsettings.php
C:\xampp\htdocs\alfa-projectlearning.id\upload\index.html
C:\xampp\htdocs\alfa-projectlearning.id\views\AlphabeticalListOfProductsSummary.php
C:\xampp\htdocs\alfa-projectlearning.id\views\AudittrailAdd.php
C:\xampp\htdocs\alfa-projectlearning.id\views\AudittrailDelete.php
C:\xampp\htdocs\alfa-projectlearning.id\views\AudittrailEdit.php
C:\xampp\htdocs\alfa-projectlearning.id\views\AudittrailList.php
C:\xampp\htdocs\alfa-projectlearning.id\views\AudittrailView.php
C:\xampp\htdocs\alfa-projectlearning.id\views\Calendar1Add.php
C:\xampp\htdocs\alfa-projectlearning.id\views\Calendar1Calendar.php
C:\xampp\htdocs\alfa-projectlearning.id\views\Calendar1Delete.php
C:\xampp\htdocs\alfa-projectlearning.id\views\Calendar1Edit.php
C:\xampp\htdocs\alfa-projectlearning.id\views\Calendar1View.php
C:\xampp\htdocs\alfa-projectlearning.id\views\CalendarAdd.php
C:\xampp\htdocs\alfa-projectlearning.id\views\CalendarDelete.php
C:\xampp\htdocs\alfa-projectlearning.id\views\CalendarEdit.php
C:\xampp\htdocs\alfa-projectlearning.id\views\CalendarList.php
C:\xampp\htdocs\alfa-projectlearning.id\views\CalendarView.php
C:\xampp\htdocs\alfa-projectlearning.id\views\Cars2List.php
C:\xampp\htdocs\alfa-projectlearning.id\views\CarsAdd.php
C:\xampp\htdocs\alfa-projectlearning.id\views\CarsCards.php
C:\xampp\htdocs\alfa-projectlearning.id\views\CarsDelete.php
C:\xampp\htdocs\alfa-projectlearning.id\views\CarsEdit.php
C:\xampp\htdocs\alfa-projectlearning.id\views\CarsList.php
C:\xampp\htdocs\alfa-projectlearning.id\views\CarsQuery.php
C:\xampp\htdocs\alfa-projectlearning.id\views\CarsSearch.php
C:\xampp\htdocs\alfa-projectlearning.id\views\CarsTable.php
C:\xampp\htdocs\alfa-projectlearning.id\views\CarsUpdate.php
C:\xampp\htdocs\alfa-projectlearning.id\views\CarsView.php
C:\xampp\htdocs\alfa-projectlearning.id\views\CategoriesDelete.php
C:\xampp\htdocs\alfa-projectlearning.id\views\CategoriesEdit.php
C:\xampp\htdocs\alfa-projectlearning.id\views\CategoriesList.php
C:\xampp\htdocs\alfa-projectlearning.id\views\CategoriesMaster.php
C:\xampp\htdocs\alfa-projectlearning.id\views\CategoriesSearch.php
C:\xampp\htdocs\alfa-projectlearning.id\views\CategoriesView.php
C:\xampp\htdocs\alfa-projectlearning.id\views\ChangePassword.php
C:\xampp\htdocs\alfa-projectlearning.id\views\CustomersAdd.php
C:\xampp\htdocs\alfa-projectlearning.id\views\CustomersDelete.php
C:\xampp\htdocs\alfa-projectlearning.id\views\CustomersEdit.php
C:\xampp\htdocs\alfa-projectlearning.id\views\CustomersList.php
C:\xampp\htdocs\alfa-projectlearning.id\views\CustomersMaster.php
C:\xampp\htdocs\alfa-projectlearning.id\views\CustomersSearch.php
C:\xampp\htdocs\alfa-projectlearning.id\views\CustomersView.php
C:\xampp\htdocs\alfa-projectlearning.id\views\Dashboard1.php
C:\xampp\htdocs\alfa-projectlearning.id\views\EmployeesAdd.php
C:\xampp\htdocs\alfa-projectlearning.id\views\EmployeesDelete.php
C:\xampp\htdocs\alfa-projectlearning.id\views\EmployeesEdit.php
C:\xampp\htdocs\alfa-projectlearning.id\views\EmployeesList.php
C:\xampp\htdocs\alfa-projectlearning.id\views\EmployeesSearch.php
C:\xampp\htdocs\alfa-projectlearning.id\views\EmployeesView.php
C:\xampp\htdocs\alfa-projectlearning.id\views\Error.php
C:\xampp\htdocs\alfa-projectlearning.id\views\GanttSummary.php
C:\xampp\htdocs\alfa-projectlearning.id\views\Home.php
C:\xampp\htdocs\alfa-projectlearning.id\views\Login.php
C:\xampp\htdocs\alfa-projectlearning.id\views\ModelsAdd.php
C:\xampp\htdocs\alfa-projectlearning.id\views\ModelsAddopt.php
C:\xampp\htdocs\alfa-projectlearning.id\views\ModelsDelete.php
C:\xampp\htdocs\alfa-projectlearning.id\views\ModelsEdit.php
C:\xampp\htdocs\alfa-projectlearning.id\views\ModelsGrid.php
C:\xampp\htdocs\alfa-projectlearning.id\views\ModelsList.php
C:\xampp\htdocs\alfa-projectlearning.id\views\ModelsSearch.php
C:\xampp\htdocs\alfa-projectlearning.id\views\ModelsView.php
C:\xampp\htdocs\alfa-projectlearning.id\views\News.php
C:\xampp\htdocs\alfa-projectlearning.id\views\OrderDetailsExtendedGrid.php
C:\xampp\htdocs\alfa-projectlearning.id\views\OrderDetailsExtendedList.php
C:\xampp\htdocs\alfa-projectlearning.id\views\OrderdetailsAdd.php
C:\xampp\htdocs\alfa-projectlearning.id\views\OrderdetailsDelete.php
C:\xampp\htdocs\alfa-projectlearning.id\views\OrderdetailsEdit.php
C:\xampp\htdocs\alfa-projectlearning.id\views\OrderdetailsGrid.php
C:\xampp\htdocs\alfa-projectlearning.id\views\OrderdetailsList.php
C:\xampp\htdocs\alfa-projectlearning.id\views\OrderdetailsSearch.php
C:\xampp\htdocs\alfa-projectlearning.id\views\OrderdetailsView.php
C:\xampp\htdocs\alfa-projectlearning.id\views\Orders2Add.php
C:\xampp\htdocs\alfa-projectlearning.id\views\Orders2Delete.php
C:\xampp\htdocs\alfa-projectlearning.id\views\Orders2Edit.php
C:\xampp\htdocs\alfa-projectlearning.id\views\Orders2List.php
C:\xampp\htdocs\alfa-projectlearning.id\views\Orders2Update.php
C:\xampp\htdocs\alfa-projectlearning.id\views\Orders2View.php
C:\xampp\htdocs\alfa-projectlearning.id\views\OrdersAdd.php
C:\xampp\htdocs\alfa-projectlearning.id\views\OrdersByProduct2Summary.php
C:\xampp\htdocs\alfa-projectlearning.id\views\OrdersDelete.php
C:\xampp\htdocs\alfa-projectlearning.id\views\OrdersEdit.php
C:\xampp\htdocs\alfa-projectlearning.id\views\OrdersGrid.php
C:\xampp\htdocs\alfa-projectlearning.id\views\OrdersList.php
C:\xampp\htdocs\alfa-projectlearning.id\views\OrdersMaster.php
C:\xampp\htdocs\alfa-projectlearning.id\views\OrdersQuery.php
C:\xampp\htdocs\alfa-projectlearning.id\views\OrdersSearch.php
C:\xampp\htdocs\alfa-projectlearning.id\views\OrdersView.php
C:\xampp\htdocs\alfa-projectlearning.id\views\PersonalData.php
C:\xampp\htdocs\alfa-projectlearning.id\views\Privacy.php
C:\xampp\htdocs\alfa-projectlearning.id\views\ProductsAdd.php
C:\xampp\htdocs\alfa-projectlearning.id\views\ProductsByCategorySummary.php
C:\xampp\htdocs\alfa-projectlearning.id\views\ProductsDelete.php
C:\xampp\htdocs\alfa-projectlearning.id\views\ProductsEdit.php
C:\xampp\htdocs\alfa-projectlearning.id\views\ProductsGrid.php
C:\xampp\htdocs\alfa-projectlearning.id\views\ProductsList.php
C:\xampp\htdocs\alfa-projectlearning.id\views\ProductsSearch.php
C:\xampp\htdocs\alfa-projectlearning.id\views\ProductsView.php
C:\xampp\htdocs\alfa-projectlearning.id\views\QuarterlyOrdersByProductCrosstab.php
C:\xampp\htdocs\alfa-projectlearning.id\views\Register.php
C:\xampp\htdocs\alfa-projectlearning.id\views\ResetPassword.php
C:\xampp\htdocs\alfa-projectlearning.id\views\SalesByCategoryFor2014Summary.php
C:\xampp\htdocs\alfa-projectlearning.id\views\SalesByCustomer2Summary.php
C:\xampp\htdocs\alfa-projectlearning.id\views\SalesByCustomerCompactSummary.php
C:\xampp\htdocs\alfa-projectlearning.id\views\SalesByCustomerSummary.php
C:\xampp\htdocs\alfa-projectlearning.id\views\SalesByOrderSummary.php
C:\xampp\htdocs\alfa-projectlearning.id\views\SalesByYearSummary.php
C:\xampp\htdocs\alfa-projectlearning.id\views\ShippersList.php
C:\xampp\htdocs\alfa-projectlearning.id\views\ShippersSearch.php
C:\xampp\htdocs\alfa-projectlearning.id\views\SuppliersAdd.php
C:\xampp\htdocs\alfa-projectlearning.id\views\SuppliersDelete.php
C:\xampp\htdocs\alfa-projectlearning.id\views\SuppliersEdit.php
C:\xampp\htdocs\alfa-projectlearning.id\views\SuppliersList.php
C:\xampp\htdocs\alfa-projectlearning.id\views\SuppliersSearch.php
C:\xampp\htdocs\alfa-projectlearning.id\views\SuppliersUpdate.php
C:\xampp\htdocs\alfa-projectlearning.id\views\SuppliersView.php
C:\xampp\htdocs\alfa-projectlearning.id\views\TrademarksAdd.php
C:\xampp\htdocs\alfa-projectlearning.id\views\TrademarksAddopt.php
C:\xampp\htdocs\alfa-projectlearning.id\views\TrademarksDelete.php
C:\xampp\htdocs\alfa-projectlearning.id\views\TrademarksEdit.php
C:\xampp\htdocs\alfa-projectlearning.id\views\TrademarksList.php
C:\xampp\htdocs\alfa-projectlearning.id\views\TrademarksMaster.php
C:\xampp\htdocs\alfa-projectlearning.id\views\TrademarksSearch.php
C:\xampp\htdocs\alfa-projectlearning.id\views\TrademarksView.php
C:\xampp\htdocs\alfa-projectlearning.id\views\UserlevelpermissionsAdd.php
C:\xampp\htdocs\alfa-projectlearning.id\views\UserlevelpermissionsDelete.php
C:\xampp\htdocs\alfa-projectlearning.id\views\UserlevelpermissionsEdit.php
C:\xampp\htdocs\alfa-projectlearning.id\views\UserlevelpermissionsList.php
C:\xampp\htdocs\alfa-projectlearning.id\views\UserlevelpermissionsView.php
C:\xampp\htdocs\alfa-projectlearning.id\views\UserlevelsAdd.php
C:\xampp\htdocs\alfa-projectlearning.id\views\UserlevelsDelete.php
C:\xampp\htdocs\alfa-projectlearning.id\views\UserlevelsEdit.php
C:\xampp\htdocs\alfa-projectlearning.id\views\UserlevelsList.php
C:\xampp\htdocs\alfa-projectlearning.id\views\UserlevelsView.php
C:\xampp\htdocs\alfa-projectlearning.id\views\Userpriv.php
C:\xampp\htdocs\alfa-projectlearning.id\views\cookieconsent.php
C:\xampp\htdocs\alfa-projectlearning.id\views\email.php
C:\xampp\htdocs\alfa-projectlearning.id\views\layout.php
C:\xampp\htdocs\alfa-projectlearning.id\views\menu.php
C:\xampp\htdocs\alfa-projectlearning.id\views\swagger.php
C:\xampp\htdocs\alfa-projectlearning.id\web.config